# JRE version: OpenJDK Runtime Environment Corretto-17.0.7.7.1 (17.0.7+7) (build 17.0.7+7-LTS)
# Java VM: OpenJDK 64-Bit Server VM Corretto-17.0.7.7.1 (17.0.7+7-LTS, mixed mode, sharing, tiered, compressed oops, compressed class ptrs, g1 gc, windows-amd64)
GC Precious Log:
 CPUs: 8 total, 8 available
 Memory: 8034M
 Large Page Support: Disabled
 NUMA Support: Disabled
 Compressed Oops: Enabled (32-bit)
 Heap Region Size: 1M
 Heap Min Capacity: 256M
 Heap Initial Capacity: 256M
 Heap Max Capacity: 512M
 Pre-touch: Disabled
 Parallel Workers: 8
 Concurrent Workers: 2
 Concurrent Refinement Workers: 8
 Periodic GC: Disabled
Heap:
 garbage-first heap   total 262144K, used 220535K [0x00000000e0000000, 0x0000000100000000)
  region size 1024K, 89 young (91136K), 14 survivors (14336K)
 Metaspace       used 56279K, committed 56960K, reserved 278528K
  class space    used 7793K, committed 8064K, reserved 212992K
GC Heap History (18 events):
Event: 1.336 GC heap before
{Heap before GC invocations=0 (full 0):
 garbage-first heap   total 262144K, used 28672K [0x00000000e0000000, 0x0000000100000000)
  region size 1024K, 23 young (23552K), 0 survivors (0K)
 Metaspace       used 3010K, committed 3200K, reserved 278528K
  class space    used 381K, committed 448K, reserved 212992K
}
Event: 1.341 GC heap after
{Heap after GC invocations=1 (full 0):
 garbage-first heap   total 262144K, used 9227K [0x00000000e0000000, 0x0000000100000000)
  region size 1024K, 3 young (3072K), 3 survivors (3072K)
 Metaspace       used 3010K, committed 3200K, reserved 278528K
  class space    used 381K, committed 448K, reserved 212992K
}
Event: 2.208 GC heap before
{Heap before GC invocations=1 (full 0):
 garbage-first heap   total 262144K, used 37899K [0x00000000e0000000, 0x0000000100000000)
  region size 1024K, 31 young (31744K), 3 survivors (3072K)
 Metaspace       used 3951K, committed 4160K, reserved 278528K
  class space    used 476K, committed 576K, reserved 212992K
}
Event: 2.215 GC heap after
{Heap after GC invocations=2 (full 0):
 garbage-first heap   total 262144K, used 13055K [0x00000000e0000000, 0x0000000100000000)
  region size 1024K, 4 young (4096K), 4 survivors (4096K)
 Metaspace       used 3951K, committed 4160K, reserved 278528K
  class space    used 476K, committed 576K, reserved 212992K
}
Event: 6.320 GC heap before
{Heap before GC invocations=2 (full 0):
 garbage-first heap   total 262144K, used 136959K [0x00000000e0000000, 0x0000000100000000)
  region size 1024K, 108 young (110592K), 4 survivors (4096K)
 Metaspace       used 21145K, committed 21504K, reserved 278528K
  class space    used 3148K, committed 3328K, reserved 212992K
}
Event: 6.332 GC heap after
{Heap after GC invocations=3 (full 0):
 garbage-first heap   total 262144K, used 41416K [0x00000000e0000000, 0x0000000100000000)
  region size 1024K, 14 young (14336K), 14 survivors (14336K)
 Metaspace       used 21145K, committed 21504K, reserved 278528K
  class space    used 3148K, committed 3328K, reserved 212992K
}
Event: 8.954 GC heap before
{Heap before GC invocations=4 (full 0):
 garbage-first heap   total 262144K, used 153032K [0x00000000e0000000, 0x0000000100000000)
  region size 1024K, 122 young (124928K), 14 survivors (14336K)
 Metaspace       used 35625K, committed 35968K, reserved 278528K
  class space    used 4996K, committed 5184K, reserved 212992K
}
Event: 8.975 GC heap after
{Heap after GC invocations=5 (full 0):
 garbage-first heap   total 262144K, used 50270K [0x00000000e0000000, 0x0000000100000000)
  region size 1024K, 9 young (9216K), 9 survivors (9216K)
 Metaspace       used 35625K, committed 35968K, reserved 278528K
  class space    used 4996K, committed 5184K, reserved 212992K
}
Event: 9.000 GC heap before
{Heap before GC invocations=5 (full 0):
 garbage-first heap   total 262144K, used 50270K [0x00000000e0000000, 0x0000000100000000)
  region size 1024K, 10 young (10240K), 9 survivors (9216K)
 Metaspace       used 35896K, committed 36288K, reserved 278528K
  class space    used 5020K, committed 5184K, reserved 212992K
}
Event: 9.009 GC heap after
{Heap after GC invocations=6 (full 0):
 garbage-first heap   total 262144K, used 51078K [0x00000000e0000000, 0x0000000100000000)
  region size 1024K, 2 young (2048K), 2 survivors (2048K)
 Metaspace       used 35896K, committed 36288K, reserved 278528K
  class space    used 5020K, committed 5184K, reserved 212992K
}
Event: 9.056 GC heap before
{Heap before GC invocations=6 (full 0):
 garbage-first heap   total 262144K, used 53126K [0x00000000e0000000, 0x0000000100000000)
  region size 1024K, 5 young (5120K), 2 survivors (2048K)
 Metaspace       used 36279K, committed 36608K, reserved 278528K
  class space    used 5052K, committed 5184K, reserved 212992K
}
Event: 9.058 GC heap after
{Heap after GC invocations=7 (full 0):
 garbage-first heap   total 262144K, used 50425K [0x00000000e0000000, 0x0000000100000000)
  region size 1024K, 1 young (1024K), 1 survivors (1024K)
 Metaspace       used 36279K, committed 36608K, reserved 278528K
  class space    used 5052K, committed 5184K, reserved 212992K
}
Event: 10.905 GC heap before
{Heap before GC invocations=8 (full 0):
 garbage-first heap   total 262144K, used 221433K [0x00000000e0000000, 0x0000000100000000)
  region size 1024K, 140 young (143360K), 1 survivors (1024K)
 Metaspace       used 39970K, committed 40448K, reserved 278528K
  class space    used 5562K, committed 5760K, reserved 212992K
}
Event: 10.913 GC heap after
{Heap after GC invocations=9 (full 0):
 garbage-first heap   total 262144K, used 85812K [0x00000000e0000000, 0x0000000100000000)
  region size 1024K, 7 young (7168K), 7 survivors (7168K)
 Metaspace       used 39970K, committed 40448K, reserved 278528K
  class space    used 5562K, committed 5760K, reserved 212992K
}
Event: 13.467 GC heap before
{Heap before GC invocations=9 (full 0):
 garbage-first heap   total 262144K, used 203572K [0x00000000e0000000, 0x0000000100000000)
  region size 1024K, 122 young (124928K), 7 survivors (7168K)
 Metaspace       used 49850K, committed 50432K, reserved 278528K
  class space    used 6957K, committed 7232K, reserved 212992K
}
Event: 13.479 GC heap after
{Heap after GC invocations=10 (full 0):
 garbage-first heap   total 262144K, used 92275K [0x00000000e0000000, 0x0000000100000000)
  region size 1024K, 13 young (13312K), 13 survivors (13312K)
 Metaspace       used 49850K, committed 50432K, reserved 278528K
  class space    used 6957K, committed 7232K, reserved 212992K
}
Event: 14.343 GC heap before
{Heap before GC invocations=10 (full 0):
 garbage-first heap   total 262144K, used 157811K [0x00000000e0000000, 0x0000000100000000)
  region size 1024K, 47 young (48128K), 13 survivors (13312K)
 Metaspace       used 52066K, committed 52672K, reserved 278528K
  class space    used 7279K, committed 7552K, reserved 212992K
}
Event: 14.355 GC heap after
{Heap after GC invocations=11 (full 0):
 garbage-first heap   total 262144K, used 132471K [0x00000000e0000000, 0x0000000100000000)
  region size 1024K, 14 young (14336K), 14 survivors (14336K)
 Metaspace       used 52066K, committed 52672K, reserved 278528K
  class space    used 7279K, committed 7552K, reserved 212992K
}

