# JRE version: OpenJDK Runtime Environment Corretto-17.0.7.7.1 (17.0.7+7) (build 17.0.7+7-LTS)
# Java VM: OpenJDK 64-Bit Server VM Corretto-17.0.7.7.1 (17.0.7+7-LTS, mixed mode, sharing, tiered, compressed oops, compressed class ptrs, g1 gc, windows-amd64)
GC Precious Log:
 CPUs: 8 total, 8 available
 Memory: 8034M
 Large Page Support: Disabled
 NUMA Support: Disabled
 Compressed Oops: Enabled (32-bit)
 Heap Region Size: 1M
 Heap Min Capacity: 256M
 Heap Initial Capacity: 256M
 Heap Max Capacity: 512M
 Pre-touch: Disabled
 Parallel Workers: 8
 Concurrent Workers: 2
 Concurrent Refinement Workers: 8
 Periodic GC: Disabled
Heap:
 garbage-first heap   total 262144K, used 160041K [0x00000000e0000000, 0x0000000100000000)
  region size 1024K, 55 young (56320K), 13 survivors (13312K)
 Metaspace       used 64129K, committed 64768K, reserved 278528K
  class space    used 8930K, committed 9216K, reserved 212992K
GC Heap History (20 events):
Event: 2.080 GC heap before
{Heap before GC invocations=1 (full 0):
 garbage-first heap   total 262144K, used 37576K [0x00000000e0000000, 0x0000000100000000)
  region size 1024K, 31 young (31744K), 3 survivors (3072K)
 Metaspace       used 3948K, committed 4160K, reserved 278528K
  class space    used 477K, committed 576K, reserved 212992K
}
Event: 2.085 GC heap after
{Heap after GC invocations=2 (full 0):
 garbage-first heap   total 262144K, used 13198K [0x00000000e0000000, 0x0000000100000000)
  region size 1024K, 4 young (4096K), 4 survivors (4096K)
 Metaspace       used 3948K, committed 4160K, reserved 278528K
  class space    used 477K, committed 576K, reserved 212992K
}
Event: 5.959 GC heap before
{Heap before GC invocations=2 (full 0):
 garbage-first heap   total 262144K, used 116622K [0x00000000e0000000, 0x0000000100000000)
  region size 1024K, 106 young (108544K), 4 survivors (4096K)
 Metaspace       used 21203K, committed 21504K, reserved 278528K
  class space    used 3171K, committed 3328K, reserved 212992K
}
Event: 5.972 GC heap after
{Heap after GC invocations=3 (full 0):
 garbage-first heap   total 262144K, used 20758K [0x00000000e0000000, 0x0000000100000000)
  region size 1024K, 12 young (12288K), 12 survivors (12288K)
 Metaspace       used 21203K, committed 21504K, reserved 278528K
  class space    used 3171K, committed 3328K, reserved 212992K
}
Event: 8.337 GC heap before
{Heap before GC invocations=4 (full 0):
 garbage-first heap   total 262144K, used 128278K [0x00000000e0000000, 0x0000000100000000)
  region size 1024K, 115 young (117760K), 12 survivors (12288K)
 Metaspace       used 35719K, committed 36096K, reserved 278528K
  class space    used 4917K, committed 5120K, reserved 212992K
}
Event: 8.356 GC heap after
{Heap after GC invocations=5 (full 0):
 garbage-first heap   total 262144K, used 31191K [0x00000000e0000000, 0x0000000100000000)
  region size 1024K, 17 young (17408K), 17 survivors (17408K)
 Metaspace       used 35719K, committed 36096K, reserved 278528K
  class space    used 4917K, committed 5120K, reserved 212992K
}
Event: 8.381 GC heap before
{Heap before GC invocations=5 (full 0):
 garbage-first heap   total 262144K, used 32215K [0x00000000e0000000, 0x0000000100000000)
  region size 1024K, 18 young (18432K), 17 survivors (17408K)
 Metaspace       used 35852K, committed 36224K, reserved 278528K
  class space    used 4945K, committed 5120K, reserved 212992K
}
Event: 8.396 GC heap after
{Heap after GC invocations=6 (full 0):
 garbage-first heap   total 262144K, used 32047K [0x00000000e0000000, 0x0000000100000000)
  region size 1024K, 2 young (2048K), 2 survivors (2048K)
 Metaspace       used 35852K, committed 36224K, reserved 278528K
  class space    used 4945K, committed 5120K, reserved 212992K
}
Event: 8.430 GC heap before
{Heap before GC invocations=6 (full 0):
 garbage-first heap   total 262144K, used 33071K [0x00000000e0000000, 0x0000000100000000)
  region size 1024K, 4 young (4096K), 2 survivors (2048K)
 Metaspace       used 36045K, committed 36416K, reserved 278528K
  class space    used 4976K, committed 5184K, reserved 212992K
}
Event: 8.432 GC heap after
{Heap after GC invocations=7 (full 0):
 garbage-first heap   total 262144K, used 30586K [0x00000000e0000000, 0x0000000100000000)
  region size 1024K, 1 young (1024K), 1 survivors (1024K)
 Metaspace       used 36045K, committed 36416K, reserved 278528K
  class space    used 4976K, committed 5184K, reserved 212992K
}
Event: 11.945 GC heap before
{Heap before GC invocations=8 (full 0):
 garbage-first heap   total 262144K, used 186234K [0x00000000e0000000, 0x0000000100000000)
  region size 1024K, 153 young (156672K), 1 survivors (1024K)
 Metaspace       used 47976K, committed 48448K, reserved 278528K
  class space    used 6754K, committed 6976K, reserved 212992K
}
Event: 11.959 GC heap after
{Heap after GC invocations=9 (full 0):
 garbage-first heap   total 262144K, used 41865K [0x00000000e0000000, 0x0000000100000000)
  region size 1024K, 12 young (12288K), 12 survivors (12288K)
 Metaspace       used 47976K, committed 48448K, reserved 278528K
  class space    used 6754K, committed 6976K, reserved 212992K
}
Event: 13.896 GC heap before
{Heap before GC invocations=9 (full 0):
 garbage-first heap   total 262144K, used 186249K [0x00000000e0000000, 0x0000000100000000)
  region size 1024K, 153 young (156672K), 12 survivors (12288K)
 Metaspace       used 50034K, committed 50560K, reserved 278528K
  class space    used 6959K, committed 7168K, reserved 212992K
}
Event: 13.909 GC heap after
{Heap after GC invocations=10 (full 0):
 garbage-first heap   total 262144K, used 46244K [0x00000000e0000000, 0x0000000100000000)
  region size 1024K, 5 young (5120K), 5 survivors (5120K)
 Metaspace       used 50034K, committed 50560K, reserved 278528K
  class space    used 6959K, committed 7168K, reserved 212992K
}
Event: 16.713 GC heap before
{Heap before GC invocations=10 (full 0):
 garbage-first heap   total 262144K, used 201892K [0x00000000e0000000, 0x0000000100000000)
  region size 1024K, 153 young (156672K), 5 survivors (5120K)
 Metaspace       used 57385K, committed 57920K, reserved 278528K
  class space    used 7883K, committed 8128K, reserved 212992K
}
Event: 16.761 GC heap after
{Heap after GC invocations=11 (full 0):
 garbage-first heap   total 262144K, used 89022K [0x00000000e0000000, 0x0000000100000000)
  region size 1024K, 20 young (20480K), 20 survivors (20480K)
 Metaspace       used 57385K, committed 57920K, reserved 278528K
  class space    used 7883K, committed 8128K, reserved 212992K
}
Event: 17.100 GC heap before
{Heap before GC invocations=11 (full 0):
 garbage-first heap   total 262144K, used 100286K [0x00000000e0000000, 0x0000000100000000)
  region size 1024K, 31 young (31744K), 20 survivors (20480K)
 Metaspace       used 58942K, committed 59520K, reserved 278528K
  class space    used 8101K, committed 8384K, reserved 212992K
}
Event: 17.131 GC heap after
{Heap after GC invocations=12 (full 0):
 garbage-first heap   total 262144K, used 93973K [0x00000000e0000000, 0x0000000100000000)
  region size 1024K, 4 young (4096K), 4 survivors (4096K)
 Metaspace       used 58942K, committed 59520K, reserved 278528K
  class space    used 8101K, committed 8384K, reserved 212992K
}
Event: 27.545 GC heap before
{Heap before GC invocations=12 (full 0):
 garbage-first heap   total 262144K, used 133909K [0x00000000e0000000, 0x0000000100000000)
  region size 1024K, 43 young (44032K), 4 survivors (4096K)
 Metaspace       used 60401K, committed 61056K, reserved 278528K
  class space    used 8306K, committed 8640K, reserved 212992K
}
Event: 27.572 GC heap after
{Heap after GC invocations=13 (full 0):
 garbage-first heap   total 262144K, used 104745K [0x00000000e0000000, 0x0000000100000000)
  region size 1024K, 13 young (13312K), 13 survivors (13312K)
 Metaspace       used 60401K, committed 61056K, reserved 278528K
  class space    used 8306K, committed 8640K, reserved 212992K
}

